app/build/intermediates/manifest_merge_blame_file/release/manifest-merger-blame-release-report.txt
1<?xml version="1.0" encoding="utf-8"?>
2<manifest xmlns:android="http://schemas.android.com/apk/res/android"
3    package="com.example.myapplication"
4    android:versionCode="1"
5    android:versionName="1.0" >
6
7    <uses-sdk
8        android:minSdkVersion="21"
8-->src\main\AndroidManifest.xml
9        android:targetSdkVersion="30" />
9-->src\main\AndroidManifest.xml
10
11    <uses-permission android:name="android.permission.INTERNET" />
11-->src\main\AndroidManifest.xml:6:5-67
11-->src\main\AndroidManifest.xml:6:22-64
12    <uses-permission android:name="android.permission.WAKE_LOCK" />
12-->src\main\AndroidManifest.xml:7:5-68
12-->src\main\AndroidManifest.xml:7:22-65
13    <uses-permission android:name="android.permission.SYSTEM_ALERT_WINDOW" />
13-->src\main\AndroidManifest.xml:8:5-78
13-->src\main\AndroidManifest.xml:8:22-75
14    <uses-permission android:name="android.permission.READ_EXTERNAL_STORAGE" />
14-->src\main\AndroidManifest.xml:9:5-80
14-->src\main\AndroidManifest.xml:9:22-77
15
16    <application
16-->src\main\AndroidManifest.xml:11:5-118:19
17        android:allowBackup="true"
17-->src\main\AndroidManifest.xml:12:9-35
18        android:appComponentFactory="androidx.core.app.CoreComponentFactory"
18-->[androidx.core:core:1.6.0] AndroidManifest.xml:24:18-86
19        android:hardwareAccelerated="false"
19-->src\main\AndroidManifest.xml:13:9-44
20        android:icon="@mipmap/appicon"
20-->src\main\AndroidManifest.xml:14:9-39
21        android:label="@string/app_name"
21-->src\main\AndroidManifest.xml:15:9-41
22        android:largeHeap="true"
22-->src\main\AndroidManifest.xml:16:9-33
23        android:roundIcon="@mipmap/ic_launcher_round"
23-->src\main\AndroidManifest.xml:17:9-54
24        android:supportsRtl="true"
24-->src\main\AndroidManifest.xml:18:9-35
25        android:theme="@style/Theme.MyApplication"
25-->src\main\AndroidManifest.xml:19:9-51
26        android:usesCleartextTraffic="true" >
26-->src\main\AndroidManifest.xml:20:9-44
27        <activity
27-->src\main\AndroidManifest.xml:22:9-24:40
28            android:name="com.example.myapplication.specialty.Nose"
28-->src\main\AndroidManifest.xml:23:13-43
29            android:exported="false" />
29-->src\main\AndroidManifest.xml:24:13-37
30        <activity
30-->src\main\AndroidManifest.xml:25:9-27:40
31            android:name="com.example.myapplication.specialty.Skin"
31-->src\main\AndroidManifest.xml:26:13-43
32            android:exported="false" />
32-->src\main\AndroidManifest.xml:27:13-37
33        <activity
33-->src\main\AndroidManifest.xml:28:9-30:40
34            android:name="com.example.myapplication.specialty.Eye"
34-->src\main\AndroidManifest.xml:29:13-42
35            android:exported="false" />
35-->src\main\AndroidManifest.xml:30:13-37
36        <activity
36-->src\main\AndroidManifest.xml:31:9-33:40
37            android:name="com.example.myapplication.uploadImage.ImageList"
37-->src\main\AndroidManifest.xml:32:13-50
38            android:exported="false" />
38-->src\main\AndroidManifest.xml:33:13-37
39        <activity
39-->src\main\AndroidManifest.xml:34:9-36:40
40            android:name="com.example.myapplication.comment.AddComment"
40-->src\main\AndroidManifest.xml:35:13-47
41            android:exported="false" />
41-->src\main\AndroidManifest.xml:36:13-37
42        <activity
42-->src\main\AndroidManifest.xml:37:9-39:40
43            android:name="com.example.myapplication.comment.CommentsList"
43-->src\main\AndroidManifest.xml:38:13-49
44            android:exported="false" />
44-->src\main\AndroidManifest.xml:39:13-37
45        <activity
45-->src\main\AndroidManifest.xml:40:9-42:40
46            android:name="com.example.myapplication.comment.SaveComment"
46-->src\main\AndroidManifest.xml:41:13-48
47            android:exported="false" />
47-->src\main\AndroidManifest.xml:42:13-37
48        <activity
48-->src\main\AndroidManifest.xml:43:9-45:40
49            android:name="com.example.myapplication.search.SearchByCity_Specialty"
49-->src\main\AndroidManifest.xml:44:13-58
50            android:exported="false" />
50-->src\main\AndroidManifest.xml:45:13-37
51        <activity
51-->src\main\AndroidManifest.xml:46:9-48:39
52            android:name="com.example.myapplication.main.MainActivity"
52-->src\main\AndroidManifest.xml:47:13-46
53            android:exported="true" />
53-->src\main\AndroidManifest.xml:48:13-36
54        <activity
54-->src\main\AndroidManifest.xml:49:9-57:20
55            android:name="com.example.myapplication.splash.Splash"
55-->src\main\AndroidManifest.xml:50:13-42
56            android:exported="true" >
56-->src\main\AndroidManifest.xml:51:13-36
57            <intent-filter>
57-->src\main\AndroidManifest.xml:52:13-56:29
58                <action android:name="android.intent.action.MAIN" />
58-->src\main\AndroidManifest.xml:53:17-69
58-->src\main\AndroidManifest.xml:53:25-66
59
60                <category android:name="android.intent.category.LAUNCHER" />
60-->src\main\AndroidManifest.xml:55:17-77
60-->src\main\AndroidManifest.xml:55:27-74
61            </intent-filter>
62        </activity>
63        <activity
63-->src\main\AndroidManifest.xml:58:9-60:39
64            android:name="com.example.myapplication.patient.ReserveList"
64-->src\main\AndroidManifest.xml:59:13-48
65            android:exported="true" />
65-->src\main\AndroidManifest.xml:60:13-36
66        <activity
66-->src\main\AndroidManifest.xml:61:9-63:39
67            android:name="com.example.myapplication.patient.Reserve"
67-->src\main\AndroidManifest.xml:62:13-44
68            android:exported="true" />
68-->src\main\AndroidManifest.xml:63:13-36
69        <activity
69-->src\main\AndroidManifest.xml:64:9-66:39
70            android:name="com.example.myapplication.user.Register"
70-->src\main\AndroidManifest.xml:65:13-42
71            android:exported="true" />
71-->src\main\AndroidManifest.xml:66:13-36
72        <activity
72-->src\main\AndroidManifest.xml:67:9-69:39
73            android:name="com.example.myapplication.user.Login"
73-->src\main\AndroidManifest.xml:68:13-39
74            android:exported="true" />
74-->src\main\AndroidManifest.xml:69:13-36
75        <activity
75-->src\main\AndroidManifest.xml:70:9-72:39
76            android:name="com.example.myapplication.user.UserList"
76-->src\main\AndroidManifest.xml:71:13-42
77            android:exported="true" />
77-->src\main\AndroidManifest.xml:72:13-36
78        <activity
78-->src\main\AndroidManifest.xml:73:9-75:39
79            android:name="com.example.myapplication.uploadImage.UploadImage"
79-->src\main\AndroidManifest.xml:74:13-52
80            android:exported="true" />
80-->src\main\AndroidManifest.xml:75:13-36
81        <activity
81-->src\main\AndroidManifest.xml:76:9-78:39
82            android:name="com.example.myapplication.patient.DatePicker"
82-->src\main\AndroidManifest.xml:77:13-47
83            android:exported="true" />
83-->src\main\AndroidManifest.xml:78:13-36
84        <activity
84-->src\main\AndroidManifest.xml:79:9-81:39
85            android:name="com.example.myapplication.city.Tehran"
85-->src\main\AndroidManifest.xml:80:13-40
86            android:exported="true" />
86-->src\main\AndroidManifest.xml:81:13-36
87        <activity
87-->src\main\AndroidManifest.xml:82:9-84:39
88            android:name="com.example.myapplication.city.Mashhad"
88-->src\main\AndroidManifest.xml:83:13-41
89            android:exported="true" />
89-->src\main\AndroidManifest.xml:84:13-36
90        <activity
90-->src\main\AndroidManifest.xml:85:9-87:39
91            android:name="com.example.myapplication.city.Shiraz"
91-->src\main\AndroidManifest.xml:86:13-40
92            android:exported="true" />
92-->src\main\AndroidManifest.xml:87:13-36
93        <activity
93-->src\main\AndroidManifest.xml:88:9-90:39
94            android:name="com.example.myapplication.city.Esfahan"
94-->src\main\AndroidManifest.xml:89:13-41
95            android:exported="true" />
95-->src\main\AndroidManifest.xml:90:13-36
96        <activity
96-->src\main\AndroidManifest.xml:91:9-93:39
97            android:name="com.example.myapplication.city.Gorgan"
97-->src\main\AndroidManifest.xml:92:13-40
98            android:exported="true" />
98-->src\main\AndroidManifest.xml:93:13-36
99        <activity
99-->src\main\AndroidManifest.xml:94:9-96:39
100            android:name="com.example.myapplication.city.Rasht"
100-->src\main\AndroidManifest.xml:95:13-39
101            android:exported="true" />
101-->src\main\AndroidManifest.xml:96:13-36
102        <activity
102-->src\main\AndroidManifest.xml:97:9-99:39
103            android:name="com.example.myapplication.specialty.Childbirth"
103-->src\main\AndroidManifest.xml:98:13-49
104            android:exported="true" />
104-->src\main\AndroidManifest.xml:99:13-36
105        <activity
105-->src\main\AndroidManifest.xml:100:9-102:39
106            android:name="com.example.myapplication.specialty.Lung"
106-->src\main\AndroidManifest.xml:101:13-43
107            android:exported="true" />
107-->src\main\AndroidManifest.xml:102:13-36
108        <activity
108-->src\main\AndroidManifest.xml:103:9-105:39
109            android:name="com.example.myapplication.specialty.Tooth"
109-->src\main\AndroidManifest.xml:104:13-44
110            android:exported="true" />
110-->src\main\AndroidManifest.xml:105:13-36
111        <activity
111-->src\main\AndroidManifest.xml:106:9-108:39
112            android:name="com.example.myapplication.specialty.Heart"
112-->src\main\AndroidManifest.xml:107:13-44
113            android:exported="true" />
113-->src\main\AndroidManifest.xml:108:13-36
114        <activity
114-->src\main\AndroidManifest.xml:109:9-111:39
115            android:name="com.example.myapplication.specialty.Brain"
115-->src\main\AndroidManifest.xml:110:13-44
116            android:exported="true" />
116-->src\main\AndroidManifest.xml:111:13-36
117        <activity
117-->src\main\AndroidManifest.xml:112:9-114:39
118            android:name="com.example.myapplication.specialty.Liver"
118-->src\main\AndroidManifest.xml:113:13-44
119            android:exported="true" />
119-->src\main\AndroidManifest.xml:114:13-36
120        <activity
120-->src\main\AndroidManifest.xml:115:9-117:39
121            android:name="com.example.myapplication.doctorList.DoctorsInfo"
121-->src\main\AndroidManifest.xml:116:13-51
122            android:exported="true" />
122-->src\main\AndroidManifest.xml:117:13-36
123
124        <service
124-->[androidx.room:room-runtime:2.3.0] AndroidManifest.xml:25:9-28:40
125            android:name="androidx.room.MultiInstanceInvalidationService"
125-->[androidx.room:room-runtime:2.3.0] AndroidManifest.xml:26:13-74
126            android:directBootAware="true"
126-->[androidx.room:room-runtime:2.3.0] AndroidManifest.xml:27:13-43
127            android:exported="false" />
127-->[androidx.room:room-runtime:2.3.0] AndroidManifest.xml:28:13-37
128    </application>
129
130</manifest>